Start testing: Feb 13 12:28 CET
----------------------------------------------------------
4/18 Testing: HTMLTesting.GivenLabTest
4/18 Test: HTMLTesting.GivenLabTest
Command: "/home/Kojjan/Documents/School/EDAF50 - C++ Programming/lab3/build/lab3/html/html_test" "--gtest_filter=HTMLTesting.GivenLabTest" "--gtest_also_run_disabled_tests"
Directory: /home/Kojjan/Documents/School/EDAF50 - C++ Programming/lab3/build/lab3/html
"HTMLTesting.GivenLabTest" start time: Feb 13 12:28 CET
Output:
----------------------------------------------------------
Running main() from /home/Kojjan/Documents/School/EDAF50 - C++ Programming/lab3/build/_deps/googletest-src/googletest/src/gtest_main.cc
[0;33mNote: Google Test filter = HTMLTesting.GivenLabTest
[m[0;32m[==========] [mRunning 1 test from 1 test suite.
[0;32m[----------] [mGlobal test environment set-up.
[0;32m[----------] [m1 test from HTMLTesting
[0;32m[ RUN      ] [mHTMLTesting.GivenLabTest
[0;32m[       OK ] [mHTMLTesting.GivenLabTest (4 ms)
[0;32m[----------] [m1 test from HTMLTesting (4 ms total)

[0;32m[----------] [mGlobal test environment tear-down
[0;32m[==========] [m1 test from 1 test suite ran. (4 ms total)
[0;32m[  PASSED  ] [m1 test.
<end of output>
Test time =   0.03 sec
----------------------------------------------------------
Test Passed.
"HTMLTesting.GivenLabTest" end time: Feb 13 12:28 CET
"HTMLTesting.GivenLabTest" time elapsed: 00:00:00
----------------------------------------------------------

11/18 Testing: DateTest.FailingInStreamTest
11/18 Test: DateTest.FailingInStreamTest
Command: "/home/Kojjan/Documents/School/EDAF50 - C++ Programming/lab3/build/lab3/date/g_date_test" "--gtest_filter=DateTest.FailingInStreamTest" "--gtest_also_run_disabled_tests"
Directory: /home/Kojjan/Documents/School/EDAF50 - C++ Programming/lab3/build/lab3/date
"DateTest.FailingInStreamTest" start time: Feb 13 12:28 CET
Output:
----------------------------------------------------------
Running main() from /home/Kojjan/Documents/School/EDAF50 - C++ Programming/lab3/build/_deps/googletest-src/googletest/src/gtest_main.cc
[0;33mNote: Google Test filter = DateTest.FailingInStreamTest
[m[0;32m[==========] [mRunning 1 test from 1 test suite.
[0;32m[----------] [mGlobal test environment set-up.
[0;32m[----------] [m1 test from DateTest
[0;32m[ RUN      ] [mDateTest.FailingInStreamTest
[0;32m[       OK ] [mDateTest.FailingInStreamTest (0 ms)
[0;32m[----------] [m1 test from DateTest (0 ms total)

[0;32m[----------] [mGlobal test environment tear-down
[0;32m[==========] [m1 test from 1 test suite ran. (0 ms total)
[0;32m[  PASSED  ] [m1 test.
<end of output>
Test time =   0.02 sec
----------------------------------------------------------
Test Passed.
"DateTest.FailingInStreamTest" end time: Feb 13 12:28 CET
"DateTest.FailingInStreamTest" time elapsed: 00:00:00
----------------------------------------------------------

13/18 Testing: DateTest.HarderOutStreamTest
13/18 Test: DateTest.HarderOutStreamTest
Command: "/home/Kojjan/Documents/School/EDAF50 - C++ Programming/lab3/build/lab3/date/g_date_test" "--gtest_filter=DateTest.HarderOutStreamTest" "--gtest_also_run_disabled_tests"
Directory: /home/Kojjan/Documents/School/EDAF50 - C++ Programming/lab3/build/lab3/date
"DateTest.HarderOutStreamTest" start time: Feb 13 12:28 CET
Output:
----------------------------------------------------------
Running main() from /home/Kojjan/Documents/School/EDAF50 - C++ Programming/lab3/build/_deps/googletest-src/googletest/src/gtest_main.cc
[0;33mNote: Google Test filter = DateTest.HarderOutStreamTest
[m[0;32m[==========] [mRunning 1 test from 1 test suite.
[0;32m[----------] [mGlobal test environment set-up.
[0;32m[----------] [m1 test from DateTest
[0;32m[ RUN      ] [mDateTest.HarderOutStreamTest
[0;32m[       OK ] [mDateTest.HarderOutStreamTest (0 ms)
[0;32m[----------] [m1 test from DateTest (0 ms total)

[0;32m[----------] [mGlobal test environment tear-down
[0;32m[==========] [m1 test from 1 test suite ran. (0 ms total)
[0;32m[  PASSED  ] [m1 test.
<end of output>
Test time =   0.02 sec
----------------------------------------------------------
Test Passed.
"DateTest.HarderOutStreamTest" end time: Feb 13 12:28 CET
"DateTest.HarderOutStreamTest" time elapsed: 00:00:00
----------------------------------------------------------

12/18 Testing: DateTest.OutStreamTest
12/18 Test: DateTest.OutStreamTest
Command: "/home/Kojjan/Documents/School/EDAF50 - C++ Programming/lab3/build/lab3/date/g_date_test" "--gtest_filter=DateTest.OutStreamTest" "--gtest_also_run_disabled_tests"
Directory: /home/Kojjan/Documents/School/EDAF50 - C++ Programming/lab3/build/lab3/date
"DateTest.OutStreamTest" start time: Feb 13 12:28 CET
Output:
----------------------------------------------------------
Running main() from /home/Kojjan/Documents/School/EDAF50 - C++ Programming/lab3/build/_deps/googletest-src/googletest/src/gtest_main.cc
[0;33mNote: Google Test filter = DateTest.OutStreamTest
[m[0;32m[==========] [mRunning 1 test from 1 test suite.
[0;32m[----------] [mGlobal test environment set-up.
[0;32m[----------] [m1 test from DateTest
[0;32m[ RUN      ] [mDateTest.OutStreamTest
[0;32m[       OK ] [mDateTest.OutStreamTest (0 ms)
[0;32m[----------] [m1 test from DateTest (0 ms total)

[0;32m[----------] [mGlobal test environment tear-down
[0;32m[==========] [m1 test from 1 test suite ran. (0 ms total)
[0;32m[  PASSED  ] [m1 test.
<end of output>
Test time =   0.02 sec
----------------------------------------------------------
Test Passed.
"DateTest.OutStreamTest" end time: Feb 13 12:28 CET
"DateTest.OutStreamTest" time elapsed: 00:00:00
----------------------------------------------------------

6/18 Testing: PrimeTest.LastFivePrimesUnder_1_000
6/18 Test: PrimeTest.LastFivePrimesUnder_1_000
Command: "/home/Kojjan/Documents/School/EDAF50 - C++ Programming/lab3/build/lab3/primes/prime_test" "--gtest_filter=PrimeTest.LastFivePrimesUnder_1_000" "--gtest_also_run_disabled_tests"
Directory: /home/Kojjan/Documents/School/EDAF50 - C++ Programming/lab3/build/lab3/primes
"PrimeTest.LastFivePrimesUnder_1_000" start time: Feb 13 12:28 CET
Output:
----------------------------------------------------------
Running main() from /home/Kojjan/Documents/School/EDAF50 - C++ Programming/lab3/build/_deps/googletest-src/googletest/src/gtest_main.cc
[0;33mNote: Google Test filter = PrimeTest.LastFivePrimesUnder_1_000
[m[0;32m[==========] [mRunning 1 test from 1 test suite.
[0;32m[----------] [mGlobal test environment set-up.
[0;32m[----------] [m1 test from PrimeTest
[0;32m[ RUN      ] [mPrimeTest.LastFivePrimesUnder_1_000
[0;32m[       OK ] [mPrimeTest.LastFivePrimesUnder_1_000 (0 ms)
[0;32m[----------] [m1 test from PrimeTest (0 ms total)

[0;32m[----------] [mGlobal test environment tear-down
[0;32m[==========] [m1 test from 1 test suite ran. (0 ms total)
[0;32m[  PASSED  ] [m1 test.
<end of output>
Test time =   0.02 sec
----------------------------------------------------------
Test Passed.
"PrimeTest.LastFivePrimesUnder_1_000" end time: Feb 13 12:28 CET
"PrimeTest.LastFivePrimesUnder_1_000" time elapsed: 00:00:00
----------------------------------------------------------

9/18 Testing: DateTest.NextDateTest
9/18 Test: DateTest.NextDateTest
Command: "/home/Kojjan/Documents/School/EDAF50 - C++ Programming/lab3/build/lab3/date/g_date_test" "--gtest_filter=DateTest.NextDateTest" "--gtest_also_run_disabled_tests"
Directory: /home/Kojjan/Documents/School/EDAF50 - C++ Programming/lab3/build/lab3/date
"DateTest.NextDateTest" start time: Feb 13 12:28 CET
Output:
----------------------------------------------------------
Running main() from /home/Kojjan/Documents/School/EDAF50 - C++ Programming/lab3/build/_deps/googletest-src/googletest/src/gtest_main.cc
[0;33mNote: Google Test filter = DateTest.NextDateTest
[m[0;32m[==========] [mRunning 1 test from 1 test suite.
[0;32m[----------] [mGlobal test environment set-up.
[0;32m[----------] [m1 test from DateTest
[0;32m[ RUN      ] [mDateTest.NextDateTest
[0;32m[       OK ] [mDateTest.NextDateTest (0 ms)
[0;32m[----------] [m1 test from DateTest (0 ms total)

[0;32m[----------] [mGlobal test environment tear-down
[0;32m[==========] [m1 test from 1 test suite ran. (0 ms total)
[0;32m[  PASSED  ] [m1 test.
<end of output>
Test time =   0.02 sec
----------------------------------------------------------
Test Passed.
"DateTest.NextDateTest" end time: Feb 13 12:28 CET
"DateTest.NextDateTest" time elapsed: 00:00:00
----------------------------------------------------------

7/18 Testing: PrimeTest.LargersPrimeUpto_100_000
7/18 Test: PrimeTest.LargersPrimeUpto_100_000
Command: "/home/Kojjan/Documents/School/EDAF50 - C++ Programming/lab3/build/lab3/primes/prime_test" "--gtest_filter=PrimeTest.LargersPrimeUpto_100_000" "--gtest_also_run_disabled_tests"
Directory: /home/Kojjan/Documents/School/EDAF50 - C++ Programming/lab3/build/lab3/primes
"PrimeTest.LargersPrimeUpto_100_000" start time: Feb 13 12:28 CET
Output:
----------------------------------------------------------
Running main() from /home/Kojjan/Documents/School/EDAF50 - C++ Programming/lab3/build/_deps/googletest-src/googletest/src/gtest_main.cc
[0;33mNote: Google Test filter = PrimeTest.LargersPrimeUpto_100_000
[m[0;32m[==========] [mRunning 1 test from 1 test suite.
[0;32m[----------] [mGlobal test environment set-up.
[0;32m[----------] [m1 test from PrimeTest
[0;32m[ RUN      ] [mPrimeTest.LargersPrimeUpto_100_000
[0;32m[       OK ] [mPrimeTest.LargersPrimeUpto_100_000 (4 ms)
[0;32m[----------] [m1 test from PrimeTest (4 ms total)

[0;32m[----------] [mGlobal test environment tear-down
[0;32m[==========] [m1 test from 1 test suite ran. (4 ms total)
[0;32m[  PASSED  ] [m1 test.
<end of output>
Test time =   0.02 sec
----------------------------------------------------------
Test Passed.
"PrimeTest.LargersPrimeUpto_100_000" end time: Feb 13 12:28 CET
"PrimeTest.LargersPrimeUpto_100_000" time elapsed: 00:00:00
----------------------------------------------------------

10/18 Testing: DateTest.InStreamTest
10/18 Test: DateTest.InStreamTest
Command: "/home/Kojjan/Documents/School/EDAF50 - C++ Programming/lab3/build/lab3/date/g_date_test" "--gtest_filter=DateTest.InStreamTest" "--gtest_also_run_disabled_tests"
Directory: /home/Kojjan/Documents/School/EDAF50 - C++ Programming/lab3/build/lab3/date
"DateTest.InStreamTest" start time: Feb 13 12:28 CET
Output:
----------------------------------------------------------
Running main() from /home/Kojjan/Documents/School/EDAF50 - C++ Programming/lab3/build/_deps/googletest-src/googletest/src/gtest_main.cc
[0;33mNote: Google Test filter = DateTest.InStreamTest
[m[0;32m[==========] [mRunning 1 test from 1 test suite.
[0;32m[----------] [mGlobal test environment set-up.
[0;32m[----------] [m1 test from DateTest
[0;32m[ RUN      ] [mDateTest.InStreamTest
[0;32m[       OK ] [mDateTest.InStreamTest (0 ms)
[0;32m[----------] [m1 test from DateTest (0 ms total)

[0;32m[----------] [mGlobal test environment tear-down
[0;32m[==========] [m1 test from 1 test suite ran. (0 ms total)
[0;32m[  PASSED  ] [m1 test.
<end of output>
Test time =   0.02 sec
----------------------------------------------------------
Test Passed.
"DateTest.InStreamTest" end time: Feb 13 12:28 CET
"DateTest.InStreamTest" time elapsed: 00:00:00
----------------------------------------------------------

15/18 Testing: StringCastTest.FromInt
15/18 Test: StringCastTest.FromInt
Command: "/home/Kojjan/Documents/School/EDAF50 - C++ Programming/lab3/build/lab3/date/string_cast_test" "--gtest_filter=StringCastTest.FromInt" "--gtest_also_run_disabled_tests"
Directory: /home/Kojjan/Documents/School/EDAF50 - C++ Programming/lab3/build/lab3/date
"StringCastTest.FromInt" start time: Feb 13 12:28 CET
Output:
----------------------------------------------------------
Running main() from /home/Kojjan/Documents/School/EDAF50 - C++ Programming/lab3/build/_deps/googletest-src/googletest/src/gtest_main.cc
[0;33mNote: Google Test filter = StringCastTest.FromInt
[m[0;32m[==========] [mRunning 1 test from 1 test suite.
[0;32m[----------] [mGlobal test environment set-up.
[0;32m[----------] [m1 test from StringCastTest
[0;32m[ RUN      ] [mStringCastTest.FromInt
[0;32m[       OK ] [mStringCastTest.FromInt (0 ms)
[0;32m[----------] [m1 test from StringCastTest (0 ms total)

[0;32m[----------] [mGlobal test environment tear-down
[0;32m[==========] [m1 test from 1 test suite ran. (0 ms total)
[0;32m[  PASSED  ] [m1 test.
<end of output>
Test time =   0.01 sec
----------------------------------------------------------
Test Passed.
"StringCastTest.FromInt" end time: Feb 13 12:28 CET
"StringCastTest.FromInt" time elapsed: 00:00:00
----------------------------------------------------------

1/18 Testing: HTMLTesting.ConstructorTest
1/18 Test: HTMLTesting.ConstructorTest
Command: "/home/Kojjan/Documents/School/EDAF50 - C++ Programming/lab3/build/lab3/html/html_test" "--gtest_filter=HTMLTesting.ConstructorTest" "--gtest_also_run_disabled_tests"
Directory: /home/Kojjan/Documents/School/EDAF50 - C++ Programming/lab3/build/lab3/html
"HTMLTesting.ConstructorTest" start time: Feb 13 12:28 CET
Output:
----------------------------------------------------------
Running main() from /home/Kojjan/Documents/School/EDAF50 - C++ Programming/lab3/build/_deps/googletest-src/googletest/src/gtest_main.cc
[0;33mNote: Google Test filter = HTMLTesting.ConstructorTest
[m[0;32m[==========] [mRunning 1 test from 1 test suite.
[0;32m[----------] [mGlobal test environment set-up.
[0;32m[----------] [m1 test from HTMLTesting
[0;32m[ RUN      ] [mHTMLTesting.ConstructorTest
[0;32m[       OK ] [mHTMLTesting.ConstructorTest (0 ms)
[0;32m[----------] [m1 test from HTMLTesting (1 ms total)

[0;32m[----------] [mGlobal test environment tear-down
[0;32m[==========] [m1 test from 1 test suite ran. (1 ms total)
[0;32m[  PASSED  ] [m1 test.
<end of output>
Test time =   0.01 sec
----------------------------------------------------------
Test Passed.
"HTMLTesting.ConstructorTest" end time: Feb 13 12:28 CET
"HTMLTesting.ConstructorTest" time elapsed: 00:00:00
----------------------------------------------------------

18/18 Testing: StringCastTest.ExpectExceptionThrown
18/18 Test: StringCastTest.ExpectExceptionThrown
Command: "/home/Kojjan/Documents/School/EDAF50 - C++ Programming/lab3/build/lab3/date/string_cast_test" "--gtest_filter=StringCastTest.ExpectExceptionThrown" "--gtest_also_run_disabled_tests"
Directory: /home/Kojjan/Documents/School/EDAF50 - C++ Programming/lab3/build/lab3/date
"StringCastTest.ExpectExceptionThrown" start time: Feb 13 12:28 CET
Output:
----------------------------------------------------------
Running main() from /home/Kojjan/Documents/School/EDAF50 - C++ Programming/lab3/build/_deps/googletest-src/googletest/src/gtest_main.cc
[0;33mNote: Google Test filter = StringCastTest.ExpectExceptionThrown
[m[0;32m[==========] [mRunning 1 test from 1 test suite.
[0;32m[----------] [mGlobal test environment set-up.
[0;32m[----------] [m1 test from StringCastTest
[0;32m[ RUN      ] [mStringCastTest.ExpectExceptionThrown
[0;32m[       OK ] [mStringCastTest.ExpectExceptionThrown (0 ms)
[0;32m[----------] [m1 test from StringCastTest (0 ms total)

[0;32m[----------] [mGlobal test environment tear-down
[0;32m[==========] [m1 test from 1 test suite ran. (0 ms total)
[0;32m[  PASSED  ] [m1 test.
<end of output>
Test time =   0.01 sec
----------------------------------------------------------
Test Passed.
"StringCastTest.ExpectExceptionThrown" end time: Feb 13 12:28 CET
"StringCastTest.ExpectExceptionThrown" time elapsed: 00:00:00
----------------------------------------------------------

2/18 Testing: HTMLTesting.OutputTest
2/18 Test: HTMLTesting.OutputTest
Command: "/home/Kojjan/Documents/School/EDAF50 - C++ Programming/lab3/build/lab3/html/html_test" "--gtest_filter=HTMLTesting.OutputTest" "--gtest_also_run_disabled_tests"
Directory: /home/Kojjan/Documents/School/EDAF50 - C++ Programming/lab3/build/lab3/html
"HTMLTesting.OutputTest" start time: Feb 13 12:28 CET
Output:
----------------------------------------------------------
Running main() from /home/Kojjan/Documents/School/EDAF50 - C++ Programming/lab3/build/_deps/googletest-src/googletest/src/gtest_main.cc
[0;33mNote: Google Test filter = HTMLTesting.OutputTest
[m[0;32m[==========] [mRunning 1 test from 1 test suite.
[0;32m[----------] [mGlobal test environment set-up.
[0;32m[----------] [m1 test from HTMLTesting
[0;32m[ RUN      ] [mHTMLTesting.OutputTest
[0;32m[       OK ] [mHTMLTesting.OutputTest (0 ms)
[0;32m[----------] [m1 test from HTMLTesting (0 ms total)

[0;32m[----------] [mGlobal test environment tear-down
[0;32m[==========] [m1 test from 1 test suite ran. (0 ms total)
[0;32m[  PASSED  ] [m1 test.
<end of output>
Test time =   0.01 sec
----------------------------------------------------------
Test Passed.
"HTMLTesting.OutputTest" end time: Feb 13 12:28 CET
"HTMLTesting.OutputTest" time elapsed: 00:00:00
----------------------------------------------------------

3/18 Testing: HTMLTesting.NewlineTest
3/18 Test: HTMLTesting.NewlineTest
Command: "/home/Kojjan/Documents/School/EDAF50 - C++ Programming/lab3/build/lab3/html/html_test" "--gtest_filter=HTMLTesting.NewlineTest" "--gtest_also_run_disabled_tests"
Directory: /home/Kojjan/Documents/School/EDAF50 - C++ Programming/lab3/build/lab3/html
"HTMLTesting.NewlineTest" start time: Feb 13 12:28 CET
Output:
----------------------------------------------------------
Running main() from /home/Kojjan/Documents/School/EDAF50 - C++ Programming/lab3/build/_deps/googletest-src/googletest/src/gtest_main.cc
[0;33mNote: Google Test filter = HTMLTesting.NewlineTest
[m[0;32m[==========] [mRunning 1 test from 1 test suite.
[0;32m[----------] [mGlobal test environment set-up.
[0;32m[----------] [m1 test from HTMLTesting
[0;32m[ RUN      ] [mHTMLTesting.NewlineTest
[0;32m[       OK ] [mHTMLTesting.NewlineTest (0 ms)
[0;32m[----------] [m1 test from HTMLTesting (0 ms total)

[0;32m[----------] [mGlobal test environment tear-down
[0;32m[==========] [m1 test from 1 test suite ran. (0 ms total)
[0;32m[  PASSED  ] [m1 test.
<end of output>
Test time =   0.01 sec
----------------------------------------------------------
Test Passed.
"HTMLTesting.NewlineTest" end time: Feb 13 12:28 CET
"HTMLTesting.NewlineTest" time elapsed: 00:00:00
----------------------------------------------------------

14/18 Testing: ToStringTest.TrivialEqualityTest
14/18 Test: ToStringTest.TrivialEqualityTest
Command: "/home/Kojjan/Documents/School/EDAF50 - C++ Programming/lab3/build/lab3/date/to_string_test" "--gtest_filter=ToStringTest.TrivialEqualityTest" "--gtest_also_run_disabled_tests"
Directory: /home/Kojjan/Documents/School/EDAF50 - C++ Programming/lab3/build/lab3/date
"ToStringTest.TrivialEqualityTest" start time: Feb 13 12:28 CET
Output:
----------------------------------------------------------
Running main() from /home/Kojjan/Documents/School/EDAF50 - C++ Programming/lab3/build/_deps/googletest-src/googletest/src/gtest_main.cc
[0;33mNote: Google Test filter = ToStringTest.TrivialEqualityTest
[m[0;32m[==========] [mRunning 1 test from 1 test suite.
[0;32m[----------] [mGlobal test environment set-up.
[0;32m[----------] [m1 test from ToStringTest
[0;32m[ RUN      ] [mToStringTest.TrivialEqualityTest
[0;32m[       OK ] [mToStringTest.TrivialEqualityTest (0 ms)
[0;32m[----------] [m1 test from ToStringTest (0 ms total)

[0;32m[----------] [mGlobal test environment tear-down
[0;32m[==========] [m1 test from 1 test suite ran. (0 ms total)
[0;32m[  PASSED  ] [m1 test.
<end of output>
Test time =   0.01 sec
----------------------------------------------------------
Test Passed.
"ToStringTest.TrivialEqualityTest" end time: Feb 13 12:28 CET
"ToStringTest.TrivialEqualityTest" time elapsed: 00:00:00
----------------------------------------------------------

16/18 Testing: StringCastTest.FromDouble
16/18 Test: StringCastTest.FromDouble
Command: "/home/Kojjan/Documents/School/EDAF50 - C++ Programming/lab3/build/lab3/date/string_cast_test" "--gtest_filter=StringCastTest.FromDouble" "--gtest_also_run_disabled_tests"
Directory: /home/Kojjan/Documents/School/EDAF50 - C++ Programming/lab3/build/lab3/date
"StringCastTest.FromDouble" start time: Feb 13 12:28 CET
Output:
----------------------------------------------------------
Running main() from /home/Kojjan/Documents/School/EDAF50 - C++ Programming/lab3/build/_deps/googletest-src/googletest/src/gtest_main.cc
[0;33mNote: Google Test filter = StringCastTest.FromDouble
[m[0;32m[==========] [mRunning 1 test from 1 test suite.
[0;32m[----------] [mGlobal test environment set-up.
[0;32m[----------] [m1 test from StringCastTest
[0;32m[ RUN      ] [mStringCastTest.FromDouble
[0;32m[       OK ] [mStringCastTest.FromDouble (0 ms)
[0;32m[----------] [m1 test from StringCastTest (0 ms total)

[0;32m[----------] [mGlobal test environment tear-down
[0;32m[==========] [m1 test from 1 test suite ran. (0 ms total)
[0;32m[  PASSED  ] [m1 test.
<end of output>
Test time =   0.01 sec
----------------------------------------------------------
Test Passed.
"StringCastTest.FromDouble" end time: Feb 13 12:28 CET
"StringCastTest.FromDouble" time elapsed: 00:00:00
----------------------------------------------------------

5/18 Testing: PrimeTest.PrimesUnderTenTest
5/18 Test: PrimeTest.PrimesUnderTenTest
Command: "/home/Kojjan/Documents/School/EDAF50 - C++ Programming/lab3/build/lab3/primes/prime_test" "--gtest_filter=PrimeTest.PrimesUnderTenTest" "--gtest_also_run_disabled_tests"
Directory: /home/Kojjan/Documents/School/EDAF50 - C++ Programming/lab3/build/lab3/primes
"PrimeTest.PrimesUnderTenTest" start time: Feb 13 12:28 CET
Output:
----------------------------------------------------------
Running main() from /home/Kojjan/Documents/School/EDAF50 - C++ Programming/lab3/build/_deps/googletest-src/googletest/src/gtest_main.cc
[0;33mNote: Google Test filter = PrimeTest.PrimesUnderTenTest
[m[0;32m[==========] [mRunning 1 test from 1 test suite.
[0;32m[----------] [mGlobal test environment set-up.
[0;32m[----------] [m1 test from PrimeTest
[0;32m[ RUN      ] [mPrimeTest.PrimesUnderTenTest
[0;32m[       OK ] [mPrimeTest.PrimesUnderTenTest (0 ms)
[0;32m[----------] [m1 test from PrimeTest (0 ms total)

[0;32m[----------] [mGlobal test environment tear-down
[0;32m[==========] [m1 test from 1 test suite ran. (0 ms total)
[0;32m[  PASSED  ] [m1 test.
<end of output>
Test time =   0.00 sec
----------------------------------------------------------
Test Passed.
"PrimeTest.PrimesUnderTenTest" end time: Feb 13 12:28 CET
"PrimeTest.PrimesUnderTenTest" time elapsed: 00:00:00
----------------------------------------------------------

17/18 Testing: StringCastTest.FromDateClass
17/18 Test: StringCastTest.FromDateClass
Command: "/home/Kojjan/Documents/School/EDAF50 - C++ Programming/lab3/build/lab3/date/string_cast_test" "--gtest_filter=StringCastTest.FromDateClass" "--gtest_also_run_disabled_tests"
Directory: /home/Kojjan/Documents/School/EDAF50 - C++ Programming/lab3/build/lab3/date
"StringCastTest.FromDateClass" start time: Feb 13 12:28 CET
Output:
----------------------------------------------------------
Running main() from /home/Kojjan/Documents/School/EDAF50 - C++ Programming/lab3/build/_deps/googletest-src/googletest/src/gtest_main.cc
[0;33mNote: Google Test filter = StringCastTest.FromDateClass
[m[0;32m[==========] [mRunning 1 test from 1 test suite.
[0;32m[----------] [mGlobal test environment set-up.
[0;32m[----------] [m1 test from StringCastTest
[0;32m[ RUN      ] [mStringCastTest.FromDateClass
[0;32m[       OK ] [mStringCastTest.FromDateClass (0 ms)
[0;32m[----------] [m1 test from StringCastTest (0 ms total)

[0;32m[----------] [mGlobal test environment tear-down
[0;32m[==========] [m1 test from 1 test suite ran. (0 ms total)
[0;32m[  PASSED  ] [m1 test.
<end of output>
Test time =   0.00 sec
----------------------------------------------------------
Test Passed.
"StringCastTest.FromDateClass" end time: Feb 13 12:28 CET
"StringCastTest.FromDateClass" time elapsed: 00:00:00
----------------------------------------------------------

8/18 Testing: DateTest.ConstructorAndGetTest
8/18 Test: DateTest.ConstructorAndGetTest
Command: "/home/Kojjan/Documents/School/EDAF50 - C++ Programming/lab3/build/lab3/date/g_date_test" "--gtest_filter=DateTest.ConstructorAndGetTest" "--gtest_also_run_disabled_tests"
Directory: /home/Kojjan/Documents/School/EDAF50 - C++ Programming/lab3/build/lab3/date
"DateTest.ConstructorAndGetTest" start time: Feb 13 12:28 CET
Output:
----------------------------------------------------------
Running main() from /home/Kojjan/Documents/School/EDAF50 - C++ Programming/lab3/build/_deps/googletest-src/googletest/src/gtest_main.cc
[0;33mNote: Google Test filter = DateTest.ConstructorAndGetTest
[m[0;32m[==========] [mRunning 1 test from 1 test suite.
[0;32m[----------] [mGlobal test environment set-up.
[0;32m[----------] [m1 test from DateTest
[0;32m[ RUN      ] [mDateTest.ConstructorAndGetTest
[0;32m[       OK ] [mDateTest.ConstructorAndGetTest (0 ms)
[0;32m[----------] [m1 test from DateTest (0 ms total)

[0;32m[----------] [mGlobal test environment tear-down
[0;32m[==========] [m1 test from 1 test suite ran. (0 ms total)
[0;32m[  PASSED  ] [m1 test.
<end of output>
Test time =   0.00 sec
----------------------------------------------------------
Test Passed.
"DateTest.ConstructorAndGetTest" end time: Feb 13 12:28 CET
"DateTest.ConstructorAndGetTest" time elapsed: 00:00:00
----------------------------------------------------------

End testing: Feb 13 12:28 CET
